#
# There is insufficient memory for the Java Runtime Environment to continue.
# Native memory allocation (mmap) failed to map 264241152 bytes for G1 virtual space
# Possible reasons:
#   The system is out of physical RAM or swap space
#   The process is running with CompressedOops enabled, and the Java Heap may be blocking the growth of the native heap
# Possible solutions:
#   Reduce memory load on the system
#   Increase physical memory or swap space
#   Check if swap backing store is full
#   Decrease Java heap size (-Xmx/-Xms)
#   Decrease number of Java threads
#   Decrease Java thread stack sizes (-Xss)
#   Set larger code cache with -XX:ReservedCodeCacheSize=
#   JVM is running with Zero Based Compressed Oops mode in which the Java heap is
#     placed in the first 32GB address space. The Java Heap base address is the
#     maximum limit for the native heap growth. Please use -XX:HeapBaseMinAddress
#     to set the Java Heap base and to place the Java Heap above 32GB virtual address.
# This output file may be truncated or incomplete.
#
#  Out of Memory Error (os_windows.cpp:3613), pid=33556, tid=20648
#
# JRE version:  (17.0.9+9) (build )
# Java VM: OpenJDK 64-Bit Server VM (17.0.9+9, mixed mode, sharing, tiered, compressed oops, compressed class ptrs, g1 gc, windows-amd64)
# No core dump will be written. Minidumps are not enabled by default on client versions of Windows
#

---------------  S U M M A R Y ------------

Command Line: 

Host: 11th Gen Intel(R) Core(TM) i7-1165G7 @ 2.80GHz, 8 cores, 15G,  Windows 11 , 64 bit Build 22621 (10.0.22621.5415)
Time: Wed Jan  7 17:02:42 2026 Sri Lanka Standard Time elapsed time: 0.014963 seconds (0d 0h 0m 0s)

---------------  T H R E A D  ---------------

Current thread (0x000001d51eedd800):  JavaThread "Unknown thread" [_thread_in_vm, id=20648, stack(0x000000428a700000,0x000000428a800000)]

Stack: [0x000000428a700000,0x000000428a800000]
Native frames: (J=compiled Java code, j=interpreted, Vv=VM code, C=native code)
V  [jvm.dll+0x67cf49]
V  [jvm.dll+0x83478a]
V  [jvm.dll+0x83624e]
V  [jvm.dll+0x8368b3]
V  [jvm.dll+0x247f1f]
V  [jvm.dll+0x679d69]
V  [jvm.dll+0x66e6ba]
V  [jvm.dll+0x307e5b]
V  [jvm.dll+0x30f306]
V  [jvm.dll+0x35f0ce]
V  [jvm.dll+0x35f2ff]
V  [jvm.dll+0x2dea58]
V  [jvm.dll+0x2df9c4]
V  [jvm.dll+0x806031]
V  [jvm.dll+0x36cf31]
V  [jvm.dll+0x7e4aac]
V  [jvm.dll+0x3f07af]
V  [jvm.dll+0x3f23e1]
C  [jli.dll+0x528f]
C  [ucrtbase.dll+0x29333]
C  [KERNEL32.DLL+0x1259d]
C  [ntdll.dll+0x5af78]


---------------  P R O C E S S  ---------------

Threads class SMR info:
_java_thread_list=0x00007ff81eb2ee98, length=0, elements={
}

Java Threads: ( => current thread )

Other Threads:
  0x000001d52111db70 GCTaskThread "GC Thread#0" [stack: 0x000000428a800000,0x000000428a900000] [id=15300]
  0x000001d52112f680 ConcurrentGCThread "G1 Main Marker" [stack: 0x000000428a900000,0x000000428aa00000] [id=19036]
  0x000001d521130750 ConcurrentGCThread "G1 Conc#0" [stack: 0x000000428aa00000,0x000000428ab00000] [id=27716]

[error occurred during error reporting (printing all threads), id 0xc0000005, EXCEPTION_ACCESS_VIOLATION (0xc0000005) at pc=0x00007ff81e2ef497]

VM state: not at safepoint (not fully initialized)

VM Mutex/Monitor currently owned by a thread:  ([mutex/lock_event])
[0x000001d5210b2f60] Heap_lock - owner thread: 0x000001d51eedd800

Heap address: 0x0000000704200000, size: 4030 MB, Compressed Oops mode: Zero based, Oop shift amount: 3

CDS archive(s) mapped at: [0x0000000000000000-0x0000000000000000-0x0000000000000000), size 0, SharedBaseAddress: 0x0000000800000000, ArchiveRelocationMode: 1.
Narrow klass base: 0x0000000000000000, Narrow klass shift: 0, Narrow klass range: 0x0

GC Precious Log:
<Empty>

Heap:
 garbage-first heap   total 0K, used 0K [0x0000000704200000, 0x0000000800000000)
  region size 2048K, 0 young (0K), 0 survivors (0K)

[error occurred during error reporting (printing heap information), id 0xc0000005, EXCEPTION_ACCESS_VIOLATION (0xc0000005) at pc=0x00007ff81e6d6c79]

GC Heap History (0 events):
No events

Dll operation events (1 events):
Event: 0.010 Loaded shared library C:\Program Files\Unity\Hub\Editor\6000.0.59f2\Editor\Data\PlaybackEngines\AndroidPlayer\OpenJDK\bin\java.dll

Deoptimization events (0 events):
No events

Classes unloaded (0 events):
No events

Classes redefined (0 events):
No events

Internal exceptions (0 events):
No events

VM Operations (0 events):
No events

Events (0 events):
No events


Dynamic libraries:
0x00007ff62e030000 - 0x00007ff62e03e000 	C:\Program Files\Unity\Hub\Editor\6000.0.59f2\Editor\Data\PlaybackEngines\AndroidPlayer\OpenJDK\bin\java.exe
0x00007ff93c3f0000 - 0x00007ff93c608000 	C:\Windows\SYSTEM32\ntdll.dll
0x00007ff8eccf0000 - 0x00007ff8ecd10000 	C:\Program Files\Avast Software\Avast\aswhook.dll
0x00007ff93ba30000 - 0x00007ff93baf4000 	C:\Windows\System32\KERNEL32.DLL
0x00007ff939500000 - 0x00007ff9398d3000 	C:\Windows\System32\KERNELBASE.dll
0x00007ff939ef0000 - 0x00007ff93a001000 	C:\Windows\System32\ucrtbase.dll
0x00007ff8ee490000 - 0x00007ff8ee4a7000 	C:\Program Files\Unity\Hub\Editor\6000.0.59f2\Editor\Data\PlaybackEngines\AndroidPlayer\OpenJDK\bin\jli.dll
0x00007ff8c3af0000 - 0x00007ff8c3b0b000 	C:\Program Files\Unity\Hub\Editor\6000.0.59f2\Editor\Data\PlaybackEngines\AndroidPlayer\OpenJDK\bin\VCRUNTIME140.dll
0x00007ff93a090000 - 0x00007ff93a242000 	C:\Windows\System32\USER32.dll
0x00007ff921ee0000 - 0x00007ff92217c000 	C:\Windows\WinSxS\amd64_microsoft.windows.common-controls_6595b64144ccf1df_6.0.22621.6060_none_2712eda17382d24b\COMCTL32.dll
0x00007ff939a20000 - 0x00007ff939a46000 	C:\Windows\System32\win32u.dll
0x00007ff93c170000 - 0x00007ff93c217000 	C:\Windows\System32\msvcrt.dll
0x00007ff93bc00000 - 0x00007ff93bc29000 	C:\Windows\System32\GDI32.dll
0x00007ff939c70000 - 0x00007ff939d8b000 	C:\Windows\System32\gdi32full.dll
0x00007ff939e50000 - 0x00007ff939eea000 	C:\Windows\System32\msvcp_win.dll
0x00007ff93bb00000 - 0x00007ff93bb31000 	C:\Windows\System32\IMM32.DLL
0x00007ff921080000 - 0x00007ff92108c000 	C:\Program Files\Unity\Hub\Editor\6000.0.59f2\Editor\Data\PlaybackEngines\AndroidPlayer\OpenJDK\bin\vcruntime140_1.dll
0x00007ff8c1880000 - 0x00007ff8c190d000 	C:\Program Files\Unity\Hub\Editor\6000.0.59f2\Editor\Data\PlaybackEngines\AndroidPlayer\OpenJDK\bin\msvcp140.dll
0x00007ff81e000000 - 0x00007ff81ec61000 	C:\Program Files\Unity\Hub\Editor\6000.0.59f2\Editor\Data\PlaybackEngines\AndroidPlayer\OpenJDK\bin\server\jvm.dll
0x00007ff93bb40000 - 0x00007ff93bbf1000 	C:\Windows\System32\ADVAPI32.dll
0x00007ff93bd50000 - 0x00007ff93bdf8000 	C:\Windows\System32\sechost.dll
0x00007ff939a50000 - 0x00007ff939a78000 	C:\Windows\System32\bcrypt.dll
0x00007ff93b180000 - 0x00007ff93b298000 	C:\Windows\System32\RPCRT4.dll
0x00007ff936110000 - 0x00007ff936144000 	C:\Windows\SYSTEM32\WINMM.dll
0x00007ff938350000 - 0x00007ff93839d000 	C:\Windows\SYSTEM32\POWRPROF.dll
0x00007ff91c600000 - 0x00007ff91c609000 	C:\Windows\SYSTEM32\WSOCK32.dll
0x00007ff931750000 - 0x00007ff93175a000 	C:\Windows\SYSTEM32\VERSION.dll
0x00007ff93c330000 - 0x00007ff93c3a1000 	C:\Windows\System32\WS2_32.dll
0x00007ff938330000 - 0x00007ff938343000 	C:\Windows\SYSTEM32\UMPDC.dll
0x00007ff9385d0000 - 0x00007ff9385e8000 	C:\Windows\SYSTEM32\kernel.appcore.dll
0x00007ff8ee480000 - 0x00007ff8ee48a000 	C:\Program Files\Unity\Hub\Editor\6000.0.59f2\Editor\Data\PlaybackEngines\AndroidPlayer\OpenJDK\bin\jimage.dll
0x00007ff936b60000 - 0x00007ff936d93000 	C:\Windows\SYSTEM32\DBGHELP.DLL
0x00007ff93add0000 - 0x00007ff93b161000 	C:\Windows\System32\combase.dll
0x00007ff93a250000 - 0x00007ff93a328000 	C:\Windows\System32\OLEAUT32.dll
0x00007ff936090000 - 0x00007ff9360c2000 	C:\Windows\SYSTEM32\dbgcore.DLL
0x00007ff93a010000 - 0x00007ff93a08b000 	C:\Windows\System32\bcryptPrimitives.dll
0x00007ff8c1850000 - 0x00007ff8c1875000 	C:\Program Files\Unity\Hub\Editor\6000.0.59f2\Editor\Data\PlaybackEngines\AndroidPlayer\OpenJDK\bin\java.dll

dbghelp: loaded successfully - version: 4.0.5 - missing functions: none
symbol engine: initialized successfully - sym options: 0x614 - pdb path: .;C:\Program Files\Unity\Hub\Editor\6000.0.59f2\Editor\Data\PlaybackEngines\AndroidPlayer\OpenJDK\bin;C:\Windows\SYSTEM32;C:\Program Files\Avast Software\Avast;C:\Windows\WinSxS\amd64_microsoft.windows.common-controls_6595b64144ccf1df_6.0.22621.6060_none_2712eda17382d24b;C:\Program Files\Unity\Hub\Editor\6000.0.59f2\Editor\Data\PlaybackEngines\AndroidPlayer\OpenJDK\bin\server

VM Arguments:
java_command: <unknown>
java_class_path (initial): <not set>
Launcher Type: SUN_STANDARD

[Global flags]
     intx CICompilerCount                          = 4                                         {product} {ergonomic}
     uint ConcGCThreads                            = 2                                         {product} {ergonomic}
     uint G1ConcRefinementThreads                  = 8                                         {product} {ergonomic}
   size_t G1HeapRegionSize                         = 2097152                                   {product} {ergonomic}
    uintx GCDrainStackTargetSize                   = 64                                        {product} {ergonomic}
   size_t InitialHeapSize                          = 264241152                                 {product} {ergonomic}
   size_t MarkStackSize                            = 4194304                                   {product} {ergonomic}
   size_t MaxHeapSize                              = 4225761280                                {product} {ergonomic}
   size_t MinHeapDeltaBytes                        = 2097152                                   {product} {ergonomic}
   size_t MinHeapSize                              = 8388608                                   {product} {ergonomic}
    uintx NonNMethodCodeHeapSize                   = 5839372                                {pd product} {ergonomic}
    uintx NonProfiledCodeHeapSize                  = 122909434                              {pd product} {ergonomic}
    uintx ProfiledCodeHeapSize                     = 122909434                              {pd product} {ergonomic}
    uintx ReservedCodeCacheSize                    = 251658240                              {pd product} {ergonomic}
     bool SegmentedCodeCache                       = true                                      {product} {ergonomic}
   size_t SoftMaxHeapSize                          = 4225761280                             {manageable} {ergonomic}
     bool UseCompressedClassPointers               = true                           {product lp64_product} {ergonomic}
     bool UseCompressedOops                        = true                           {product lp64_product} {ergonomic}
     bool UseG1GC                                  = true                                      {product} {ergonomic}
     bool UseLargePagesIndividualAllocation        = false                                  {pd product} {ergonomic}

Logging:
Log output configuration:
 #0: stdout all=warning uptime,level,tags
 #1: stderr all=off uptime,level,tags

Environment Variables:
JAVA_HOME=C:\Program Files\Unity\Hub\Editor\6000.0.59f2\Editor\Data\PlaybackEngines\AndroidPlayer\OpenJDK
PATH=C:\Program Files\Eclipse Adoptium\jdk-17.0.15.6-hotspot\bin;C:\Python313\Scripts\;C:\Python313\;C:\Program Files\Common Files\Oracle\Java\javapath;C:\Windows\system32;C:\Windows;C:\Windows\System32\Wbem;C:\Windows\System32\WindowsPowerShell\v1.0\;C:\Windows\System32\OpenSSH\;C:\Program Files (x86)\NVIDIA Corporation\PhysX\Common;C:\Program Files\Microsoft SQL Server\150\Tools\Binn\;C:\Program Files\Microsoft SQL Server\Client SDK\ODBC\170\Tools\Binn\;C:\Program Files\Git\cmd;C:\ProgramData\chocolatey\bin;C:\Program Files\Eclipse Adoptium\jdk-17.0.15.6-hotspot\bin;%ANDROID_HOME%\platform-tools;%ANDROID_HOME%\tools;%ANDROID_HOME%\tools\bin;C:\Users\Dell\AppData\Roaming\nvm;C:\Program Files\nodejs;%ANDROID_HOME%\platform-tools;%ANDROID_HOME%\emulator;C:\Users\Dell\AppData\Local\Android\Sdk\platform-tools;C:\Program Files\dotnet\;C:\Program Files\Apache\Maven\apache-maven-3.9.9\bin;C:\Program Files\MongoDB\Server\8.0\bin;C:\Program Files\MongoDB\mongosh\2.5.6\bin;c:\Users\Dell\AppData\Local\Programs\cursor\resources\app\codeBin;C:\Users\Dell\AppData\Local\Android\Sdk\tools;C:\Users\Dell\AppData\Local\Microsoft\WindowsApps;C:\Users\Dell\AppData\Roaming\npm;C:\Users\Dell\AppData\Roaming\nvm;C:\Program Files\nodejs;C:\Users\Dell\.dotnet\tools;C:\Users\Dell\AppData\Local\Programs\Microsoft VS Code\bin;C:\Users\Dell\AppData\Local\Programs\cursor\resources\app\bin;C:\Users\Dell\AppData\Local\Programs\mongosh\
USERNAME=Dell
OS=Windows_NT
PROCESSOR_IDENTIFIER=Intel64 Family 6 Model 140 Stepping 1, GenuineIntel
TMP=C:\Users\Dell\AppData\Local\Temp
TEMP=C:\Users\Dell\AppData\Local\Temp



Periodic native trim disabled


---------------  S Y S T E M  ---------------

OS:
 Windows 11 , 64 bit Build 22621 (10.0.22621.5415)
OS uptime: 0 days 6:31 hours
Hyper-V role detected

CPU: total 8 (initial active 8) (4 cores per cpu, 2 threads per core) family 6 model 140 stepping 1 microcode 0xbc, cx8, cmov, fxsr, ht, mmx, 3dnowpref, sse, sse2, sse3, ssse3, sse4.1, sse4.2, popcnt, lzcnt, tsc, tscinvbit, avx, avx2, aes, erms, clmul, bmi1, bmi2, adx, avx512f, avx512dq, avx512cd, avx512bw, avx512vl, sha, fma, vzeroupper, avx512_vpopcntdq, avx512_vpclmulqdq, avx512_vaes, avx512_vnni, clflush, clflushopt, clwb, avx512_vbmi2, avx512_vbmi, hv
Processor Information for all 8 processors :
  Max Mhz: 2803, Current Mhz: 2803, Mhz Limit: 2803

Memory: 4k page, system-wide physical 16118M (921M free)
TotalPageFile size 26632M (AvailPageFile size 220M)
current process WorkingSet (physical memory assigned to process): 11M, peak: 11M
current process commit charge ("private bytes"): 60M, peak: 312M

vm_info: OpenJDK 64-Bit Server VM (17.0.9+9) for windows-amd64 JRE (17.0.9+9), built on Oct 26 2023 14:01:42 by "admin" with MS VC++ 16.10 / 16.11 (VS2019)

END.
