#
# There is insufficient memory for the Java Runtime Environment to continue.
# Native memory allocation (malloc) failed to allocate 1130640 bytes for Chunk::new
# Possible reasons:
#   The system is out of physical RAM or swap space
#   The process is running with CompressedOops enabled, and the Java Heap may be blocking the growth of the native heap
# Possible solutions:
#   Reduce memory load on the system
#   Increase physical memory or swap space
#   Check if swap backing store is full
#   Decrease Java heap size (-Xmx/-Xms)
#   Decrease number of Java threads
#   Decrease Java thread stack sizes (-Xss)
#   Set larger code cache with -XX:ReservedCodeCacheSize=
#   JVM is running with Zero Based Compressed Oops mode in which the Java heap is
#     placed in the first 32GB address space. The Java Heap base address is the
#     maximum limit for the native heap growth. Please use -XX:HeapBaseMinAddress
#     to set the Java Heap base and to place the Java Heap above 32GB virtual address.
# This output file may be truncated or incomplete.
#
#  Out of Memory Error (arena.cpp:191), pid=25596, tid=18824
#
# JRE version: OpenJDK Runtime Environment Temurin-17.0.9+9 (17.0.9+9) (build 17.0.9+9)
# Java VM: OpenJDK 64-Bit Server VM Temurin-17.0.9+9 (17.0.9+9, mixed mode, sharing, tiered, compressed oops, compressed class ptrs, g1 gc, windows-amd64)
# No core dump will be written. Minidumps are not enabled by default on client versions of Windows
#

---------------  S U M M A R Y ------------

Command Line: -Dcom.android.sdklib.toolsdir=C:\Program Files\Unity\Hub\Editor\6000.0.59f2\Editor\Data\PlaybackEngines\AndroidPlayer\SDK\cmdline-tools\16.0\bin\\.. com.android.sdklib.tool.sdkmanager.SdkManagerCli --list

Host: 11th Gen Intel(R) Core(TM) i7-1165G7 @ 2.80GHz, 8 cores, 15G,  Windows 11 , 64 bit Build 22621 (10.0.22621.5415)
Time: Wed Jan  7 17:04:36 2026 Sri Lanka Standard Time elapsed time: 0.600615 seconds (0d 0h 0m 0s)

---------------  T H R E A D  ---------------

Current thread (0x000002245b6e2020):  JavaThread "C2 CompilerThread2" daemon [_thread_in_native, id=18824, stack(0x0000007e7b100000,0x0000007e7b200000)]


Current CompileTask:
C2:    600 1097   !   4       jdk.internal.loader.URLClassPath$JarLoader::getResource (65 bytes)

Stack: [0x0000007e7b100000,0x0000007e7b200000]
Native frames: (J=compiled Java code, j=interpreted, Vv=VM code, C=native code)
V  [jvm.dll+0x67cf49]
V  [jvm.dll+0x83478a]
V  [jvm.dll+0x83624e]
V  [jvm.dll+0x8368b3]
V  [jvm.dll+0x247f1f]
V  [jvm.dll+0xac43c]
V  [jvm.dll+0xaca8c]
V  [jvm.dll+0x367067]
V  [jvm.dll+0x1bd536]
V  [jvm.dll+0x21a709]
V  [jvm.dll+0x2199d1]
V  [jvm.dll+0x1a57cd]
V  [jvm.dll+0x2297ae]
V  [jvm.dll+0x22797c]
V  [jvm.dll+0x7e9877]
V  [jvm.dll+0x7e3c3a]
V  [jvm.dll+0x67be35]
C  [ucrtbase.dll+0x29333]
C  [KERNEL32.DLL+0x1259d]
C  [ntdll.dll+0x5af78]


---------------  P R O C E S S  ---------------

Threads class SMR info:
_java_thread_list=0x000002245695f010, length=14, elements={
0x00000224719f5d50, 0x000002247f096260, 0x000002247f096b30, 0x000002247f0ae540,
0x000002247f0b2e20, 0x000002247f0b5700, 0x000002247f0b5fd0, 0x000002247f0b6c80,
0x000002247f0b7640, 0x000002247f0bafa0, 0x0000022456197d10, 0x0000022456198cb0,
0x00000224567ab530, 0x000002245b6e2020
}

Java Threads: ( => current thread )
  0x00000224719f5d50 JavaThread "main" [_thread_in_Java, id=24804, stack(0x0000007e79600000,0x0000007e79700000)]
  0x000002247f096260 JavaThread "Reference Handler" daemon [_thread_blocked, id=27496, stack(0x0000007e79d00000,0x0000007e79e00000)]
  0x000002247f096b30 JavaThread "Finalizer" daemon [_thread_blocked, id=29852, stack(0x0000007e79e00000,0x0000007e79f00000)]
  0x000002247f0ae540 JavaThread "Signal Dispatcher" daemon [_thread_blocked, id=21652, stack(0x0000007e79f00000,0x0000007e7a000000)]
  0x000002247f0b2e20 JavaThread "Attach Listener" daemon [_thread_blocked, id=9616, stack(0x0000007e7a000000,0x0000007e7a100000)]
  0x000002247f0b5700 JavaThread "Service Thread" daemon [_thread_blocked, id=25108, stack(0x0000007e7a100000,0x0000007e7a200000)]
  0x000002247f0b5fd0 JavaThread "Monitor Deflation Thread" daemon [_thread_blocked, id=19896, stack(0x0000007e7a200000,0x0000007e7a300000)]
  0x000002247f0b6c80 JavaThread "C2 CompilerThread0" daemon [_thread_blocked, id=24928, stack(0x0000007e7a300000,0x0000007e7a400000)]
  0x000002247f0b7640 JavaThread "C1 CompilerThread0" daemon [_thread_blocked, id=13340, stack(0x0000007e7a400000,0x0000007e7a500000)]
  0x000002247f0bafa0 JavaThread "Sweeper thread" daemon [_thread_blocked, id=32652, stack(0x0000007e7a500000,0x0000007e7a600000)]
  0x0000022456197d10 JavaThread "Notification Thread" daemon [_thread_blocked, id=23664, stack(0x0000007e7a600000,0x0000007e7a700000)]
  0x0000022456198cb0 JavaThread "Common-Cleaner" daemon [_thread_blocked, id=16644, stack(0x0000007e7a800000,0x0000007e7a900000)]
  0x00000224567ab530 JavaThread "C2 CompilerThread1" daemon [_thread_in_native, id=10640, stack(0x0000007e7a900000,0x0000007e7aa00000)]
=>0x000002245b6e2020 JavaThread "C2 CompilerThread2" daemon [_thread_in_native, id=18824, stack(0x0000007e7b100000,0x0000007e7b200000)]

Other Threads:
  0x000002247f092750 VMThread "VM Thread" [stack: 0x0000007e79c00000,0x0000007e79d00000] [id=6964]
  0x00000224561981f0 WatcherThread [stack: 0x0000007e7a700000,0x0000007e7a800000] [id=16696]
  0x0000022471a60ff0 GCTaskThread "GC Thread#0" [stack: 0x0000007e79700000,0x0000007e79800000] [id=17404]
  0x00000224567d8050 GCTaskThread "GC Thread#1" [stack: 0x0000007e7aa00000,0x0000007e7ab00000] [id=27776]
  0x000002245b43b820 GCTaskThread "GC Thread#2" [stack: 0x0000007e7ab00000,0x0000007e7ac00000] [id=27180]
  0x000002245b43bae0 GCTaskThread "GC Thread#3" [stack: 0x0000007e7ac00000,0x0000007e7ad00000] [id=29708]
  0x0000022456c37980 GCTaskThread "GC Thread#4" [stack: 0x0000007e7ad00000,0x0000007e7ae00000] [id=26424]
  0x000002245b2b2810 GCTaskThread "GC Thread#5" [stack: 0x0000007e7ae00000,0x0000007e7af00000] [id=32116]
  0x000002245b1a98d0 GCTaskThread "GC Thread#6" [stack: 0x0000007e7af00000,0x0000007e7b000000] [id=1404]
  0x0000022456c793d0 GCTaskThread "GC Thread#7" [stack: 0x0000007e7b000000,0x0000007e7b100000] [id=620]
  0x0000022471a6eb00 ConcurrentGCThread "G1 Main Marker" [stack: 0x0000007e79800000,0x0000007e79900000] [id=24724]
  0x0000022471a6fad0 ConcurrentGCThread "G1 Conc#0" [stack: 0x0000007e79900000,0x0000007e79a00000] [id=14748]
  0x000002247efc7010 ConcurrentGCThread "G1 Refine#0" [stack: 0x0000007e79a00000,0x0000007e79b00000] [id=17904]
  0x000002247efc9860 ConcurrentGCThread "G1 Service" [stack: 0x0000007e79b00000,0x0000007e79c00000] [id=4340]

Threads with active compile tasks:
C2 CompilerThread2      620 1097   !   4       jdk.internal.loader.URLClassPath$JarLoader::getResource (65 bytes)

VM state: not at safepoint (normal execution)

VM Mutex/Monitor currently owned by a thread: None

Heap address: 0x0000000704200000, size: 4030 MB, Compressed Oops mode: Zero based, Oop shift amount: 3

CDS archive(s) mapped at: [0x0000022415000000-0x0000022415ba0000-0x0000022415ba0000), size 12189696, SharedBaseAddress: 0x0000022415000000, ArchiveRelocationMode: 1.
Compressed class space mapped at: 0x0000022416000000-0x0000022456000000, reserved size: 1073741824
Narrow klass base: 0x0000022415000000, Narrow klass shift: 0, Narrow klass range: 0x100000000

GC Precious Log:
 CPUs: 8 total, 8 available
 Memory: 16118M
 Large Page Support: Disabled
 NUMA Support: Disabled
 Compressed Oops: Enabled (Zero based)
 Heap Region Size: 2M
 Heap Min Capacity: 8M
 Heap Initial Capacity: 252M
 Heap Max Capacity: 4030M
 Pre-touch: Disabled
 Parallel Workers: 8
 Concurrent Workers: 2
 Concurrent Refinement Workers: 8
 Periodic GC: Disabled

Heap:
 garbage-first heap   total 258048K, used 12288K [0x0000000704200000, 0x0000000800000000)
  region size 2048K, 7 young (14336K), 2 survivors (4096K)
 Metaspace       used 9505K, committed 9728K, reserved 1114112K
  class space    used 1051K, committed 1152K, reserved 1048576K

Heap Regions: E=young(eden), S=young(survivor), O=old, HS=humongous(starts), HC=humongous(continues), CS=collection set, F=free, OA=open archive, CA=closed archive, TAMS=top-at-mark-start (previous, next)
|   0|0x0000000704200000, 0x0000000704200000, 0x0000000704400000|  0%| F|  |TAMS 0x0000000704200000, 0x0000000704200000| Untracked 
|   1|0x0000000704400000, 0x0000000704400000, 0x0000000704600000|  0%| F|  |TAMS 0x0000000704400000, 0x0000000704400000| Untracked 
|   2|0x0000000704600000, 0x0000000704600000, 0x0000000704800000|  0%| F|  |TAMS 0x0000000704600000, 0x0000000704600000| Untracked 
|   3|0x0000000704800000, 0x0000000704800000, 0x0000000704a00000|  0%| F|  |TAMS 0x0000000704800000, 0x0000000704800000| Untracked 
|   4|0x0000000704a00000, 0x0000000704a00000, 0x0000000704c00000|  0%| F|  |TAMS 0x0000000704a00000, 0x0000000704a00000| Untracked 
|   5|0x0000000704c00000, 0x0000000704c00000, 0x0000000704e00000|  0%| F|  |TAMS 0x0000000704c00000, 0x0000000704c00000| Untracked 
|   6|0x0000000704e00000, 0x0000000704e00000, 0x0000000705000000|  0%| F|  |TAMS 0x0000000704e00000, 0x0000000704e00000| Untracked 
|   7|0x0000000705000000, 0x0000000705000000, 0x0000000705200000|  0%| F|  |TAMS 0x0000000705000000, 0x0000000705000000| Untracked 
|   8|0x0000000705200000, 0x0000000705200000, 0x0000000705400000|  0%| F|  |TAMS 0x0000000705200000, 0x0000000705200000| Untracked 
|   9|0x0000000705400000, 0x0000000705400000, 0x0000000705600000|  0%| F|  |TAMS 0x0000000705400000, 0x0000000705400000| Untracked 
|  10|0x0000000705600000, 0x0000000705600000, 0x0000000705800000|  0%| F|  |TAMS 0x0000000705600000, 0x0000000705600000| Untracked 
|  11|0x0000000705800000, 0x0000000705800000, 0x0000000705a00000|  0%| F|  |TAMS 0x0000000705800000, 0x0000000705800000| Untracked 
|  12|0x0000000705a00000, 0x0000000705a00000, 0x0000000705c00000|  0%| F|  |TAMS 0x0000000705a00000, 0x0000000705a00000| Untracked 
|  13|0x0000000705c00000, 0x0000000705c00000, 0x0000000705e00000|  0%| F|  |TAMS 0x0000000705c00000, 0x0000000705c00000| Untracked 
|  14|0x0000000705e00000, 0x0000000705e00000, 0x0000000706000000|  0%| F|  |TAMS 0x0000000705e00000, 0x0000000705e00000| Untracked 
|  15|0x0000000706000000, 0x0000000706000000, 0x0000000706200000|  0%| F|  |TAMS 0x0000000706000000, 0x0000000706000000| Untracked 
|  16|0x0000000706200000, 0x0000000706200000, 0x0000000706400000|  0%| F|  |TAMS 0x0000000706200000, 0x0000000706200000| Untracked 
|  17|0x0000000706400000, 0x0000000706400000, 0x0000000706600000|  0%| F|  |TAMS 0x0000000706400000, 0x0000000706400000| Untracked 
|  18|0x0000000706600000, 0x0000000706600000, 0x0000000706800000|  0%| F|  |TAMS 0x0000000706600000, 0x0000000706600000| Untracked 
|  19|0x0000000706800000, 0x0000000706800000, 0x0000000706a00000|  0%| F|  |TAMS 0x0000000706800000, 0x0000000706800000| Untracked 
|  20|0x0000000706a00000, 0x0000000706a00000, 0x0000000706c00000|  0%| F|  |TAMS 0x0000000706a00000, 0x0000000706a00000| Untracked 
|  21|0x0000000706c00000, 0x0000000706c00000, 0x0000000706e00000|  0%| F|  |TAMS 0x0000000706c00000, 0x0000000706c00000| Untracked 
|  22|0x0000000706e00000, 0x0000000706e00000, 0x0000000707000000|  0%| F|  |TAMS 0x0000000706e00000, 0x0000000706e00000| Untracked 
|  23|0x0000000707000000, 0x0000000707000000, 0x0000000707200000|  0%| F|  |TAMS 0x0000000707000000, 0x0000000707000000| Untracked 
|  24|0x0000000707200000, 0x0000000707200000, 0x0000000707400000|  0%| F|  |TAMS 0x0000000707200000, 0x0000000707200000| Untracked 
|  25|0x0000000707400000, 0x0000000707400000, 0x0000000707600000|  0%| F|  |TAMS 0x0000000707400000, 0x0000000707400000| Untracked 
|  26|0x0000000707600000, 0x0000000707600000, 0x0000000707800000|  0%| F|  |TAMS 0x0000000707600000, 0x0000000707600000| Untracked 
|  27|0x0000000707800000, 0x0000000707800000, 0x0000000707a00000|  0%| F|  |TAMS 0x0000000707800000, 0x0000000707800000| Untracked 
|  28|0x0000000707a00000, 0x0000000707a00000, 0x0000000707c00000|  0%| F|  |TAMS 0x0000000707a00000, 0x0000000707a00000| Untracked 
|  29|0x0000000707c00000, 0x0000000707c00000, 0x0000000707e00000|  0%| F|  |TAMS 0x0000000707c00000, 0x0000000707c00000| Untracked 
|  30|0x0000000707e00000, 0x0000000707e00000, 0x0000000708000000|  0%| F|  |TAMS 0x0000000707e00000, 0x0000000707e00000| Untracked 
|  31|0x0000000708000000, 0x0000000708000000, 0x0000000708200000|  0%| F|  |TAMS 0x0000000708000000, 0x0000000708000000| Untracked 
|  32|0x0000000708200000, 0x0000000708200000, 0x0000000708400000|  0%| F|  |TAMS 0x0000000708200000, 0x0000000708200000| Untracked 
|  33|0x0000000708400000, 0x0000000708400000, 0x0000000708600000|  0%| F|  |TAMS 0x0000000708400000, 0x0000000708400000| Untracked 
|  34|0x0000000708600000, 0x0000000708600000, 0x0000000708800000|  0%| F|  |TAMS 0x0000000708600000, 0x0000000708600000| Untracked 
|  35|0x0000000708800000, 0x0000000708800000, 0x0000000708a00000|  0%| F|  |TAMS 0x0000000708800000, 0x0000000708800000| Untracked 
|  36|0x0000000708a00000, 0x0000000708a00000, 0x0000000708c00000|  0%| F|  |TAMS 0x0000000708a00000, 0x0000000708a00000| Untracked 
|  37|0x0000000708c00000, 0x0000000708c00000, 0x0000000708e00000|  0%| F|  |TAMS 0x0000000708c00000, 0x0000000708c00000| Untracked 
|  38|0x0000000708e00000, 0x0000000708e00000, 0x0000000709000000|  0%| F|  |TAMS 0x0000000708e00000, 0x0000000708e00000| Untracked 
|  39|0x0000000709000000, 0x0000000709000000, 0x0000000709200000|  0%| F|  |TAMS 0x0000000709000000, 0x0000000709000000| Untracked 
|  40|0x0000000709200000, 0x0000000709200000, 0x0000000709400000|  0%| F|  |TAMS 0x0000000709200000, 0x0000000709200000| Untracked 
|  41|0x0000000709400000, 0x0000000709400000, 0x0000000709600000|  0%| F|  |TAMS 0x0000000709400000, 0x0000000709400000| Untracked 
|  42|0x0000000709600000, 0x0000000709600000, 0x0000000709800000|  0%| F|  |TAMS 0x0000000709600000, 0x0000000709600000| Untracked 
|  43|0x0000000709800000, 0x0000000709800000, 0x0000000709a00000|  0%| F|  |TAMS 0x0000000709800000, 0x0000000709800000| Untracked 
|  44|0x0000000709a00000, 0x0000000709a00000, 0x0000000709c00000|  0%| F|  |TAMS 0x0000000709a00000, 0x0000000709a00000| Untracked 
|  45|0x0000000709c00000, 0x0000000709c00000, 0x0000000709e00000|  0%| F|  |TAMS 0x0000000709c00000, 0x0000000709c00000| Untracked 
|  46|0x0000000709e00000, 0x0000000709e00000, 0x000000070a000000|  0%| F|  |TAMS 0x0000000709e00000, 0x0000000709e00000| Untracked 
|  47|0x000000070a000000, 0x000000070a000000, 0x000000070a200000|  0%| F|  |TAMS 0x000000070a000000, 0x000000070a000000| Untracked 
|  48|0x000000070a200000, 0x000000070a200000, 0x000000070a400000|  0%| F|  |TAMS 0x000000070a200000, 0x000000070a200000| Untracked 
|  49|0x000000070a400000, 0x000000070a400000, 0x000000070a600000|  0%| F|  |TAMS 0x000000070a400000, 0x000000070a400000| Untracked 
|  50|0x000000070a600000, 0x000000070a600000, 0x000000070a800000|  0%| F|  |TAMS 0x000000070a600000, 0x000000070a600000| Untracked 
|  51|0x000000070a800000, 0x000000070a800000, 0x000000070aa00000|  0%| F|  |TAMS 0x000000070a800000, 0x000000070a800000| Untracked 
|  52|0x000000070aa00000, 0x000000070aa00000, 0x000000070ac00000|  0%| F|  |TAMS 0x000000070aa00000, 0x000000070aa00000| Untracked 
|  53|0x000000070ac00000, 0x000000070ac00000, 0x000000070ae00000|  0%| F|  |TAMS 0x000000070ac00000, 0x000000070ac00000| Untracked 
|  54|0x000000070ae00000, 0x000000070ae00000, 0x000000070b000000|  0%| F|  |TAMS 0x000000070ae00000, 0x000000070ae00000| Untracked 
|  55|0x000000070b000000, 0x000000070b000000, 0x000000070b200000|  0%| F|  |TAMS 0x000000070b000000, 0x000000070b000000| Untracked 
|  56|0x000000070b200000, 0x000000070b200000, 0x000000070b400000|  0%| F|  |TAMS 0x000000070b200000, 0x000000070b200000| Untracked 
|  57|0x000000070b400000, 0x000000070b400000, 0x000000070b600000|  0%| F|  |TAMS 0x000000070b400000, 0x000000070b400000| Untracked 
|  58|0x000000070b600000, 0x000000070b600000, 0x000000070b800000|  0%| F|  |TAMS 0x000000070b600000, 0x000000070b600000| Untracked 
|  59|0x000000070b800000, 0x000000070b800000, 0x000000070ba00000|  0%| F|  |TAMS 0x000000070b800000, 0x000000070b800000| Untracked 
|  60|0x000000070ba00000, 0x000000070ba00000, 0x000000070bc00000|  0%| F|  |TAMS 0x000000070ba00000, 0x000000070ba00000| Untracked 
|  61|0x000000070bc00000, 0x000000070bc00000, 0x000000070be00000|  0%| F|  |TAMS 0x000000070bc00000, 0x000000070bc00000| Untracked 
|  62|0x000000070be00000, 0x000000070be00000, 0x000000070c000000|  0%| F|  |TAMS 0x000000070be00000, 0x000000070be00000| Untracked 
|  63|0x000000070c000000, 0x000000070c000000, 0x000000070c200000|  0%| F|  |TAMS 0x000000070c000000, 0x000000070c000000| Untracked 
|  64|0x000000070c200000, 0x000000070c200000, 0x000000070c400000|  0%| F|  |TAMS 0x000000070c200000, 0x000000070c200000| Untracked 
|  65|0x000000070c400000, 0x000000070c400000, 0x000000070c600000|  0%| F|  |TAMS 0x000000070c400000, 0x000000070c400000| Untracked 
|  66|0x000000070c600000, 0x000000070c600000, 0x000000070c800000|  0%| F|  |TAMS 0x000000070c600000, 0x000000070c600000| Untracked 
|  67|0x000000070c800000, 0x000000070c800000, 0x000000070ca00000|  0%| F|  |TAMS 0x000000070c800000, 0x000000070c800000| Untracked 
|  68|0x000000070ca00000, 0x000000070ca00000, 0x000000070cc00000|  0%| F|  |TAMS 0x000000070ca00000, 0x000000070ca00000| Untracked 
|  69|0x000000070cc00000, 0x000000070cc00000, 0x000000070ce00000|  0%| F|  |TAMS 0x000000070cc00000, 0x000000070cc00000| Untracked 
|  70|0x000000070ce00000, 0x000000070ce00000, 0x000000070d000000|  0%| F|  |TAMS 0x000000070ce00000, 0x000000070ce00000| Untracked 
|  71|0x000000070d000000, 0x000000070d000000, 0x000000070d200000|  0%| F|  |TAMS 0x000000070d000000, 0x000000070d000000| Untracked 
|  72|0x000000070d200000, 0x000000070d200000, 0x000000070d400000|  0%| F|  |TAMS 0x000000070d200000, 0x000000070d200000| Untracked 
|  73|0x000000070d400000, 0x000000070d400000, 0x000000070d600000|  0%| F|  |TAMS 0x000000070d400000, 0x000000070d400000| Untracked 
|  74|0x000000070d600000, 0x000000070d600000, 0x000000070d800000|  0%| F|  |TAMS 0x000000070d600000, 0x000000070d600000| Untracked 
|  75|0x000000070d800000, 0x000000070d800000, 0x000000070da00000|  0%| F|  |TAMS 0x000000070d800000, 0x000000070d800000| Untracked 
|  76|0x000000070da00000, 0x000000070da00000, 0x000000070dc00000|  0%| F|  |TAMS 0x000000070da00000, 0x000000070da00000| Untracked 
|  77|0x000000070dc00000, 0x000000070dc00000, 0x000000070de00000|  0%| F|  |TAMS 0x000000070dc00000, 0x000000070dc00000| Untracked 
|  78|0x000000070de00000, 0x000000070de00000, 0x000000070e000000|  0%| F|  |TAMS 0x000000070de00000, 0x000000070de00000| Untracked 
|  79|0x000000070e000000, 0x000000070e000000, 0x000000070e200000|  0%| F|  |TAMS 0x000000070e000000, 0x000000070e000000| Untracked 
|  80|0x000000070e200000, 0x000000070e200000, 0x000000070e400000|  0%| F|  |TAMS 0x000000070e200000, 0x000000070e200000| Untracked 
|  81|0x000000070e400000, 0x000000070e400000, 0x000000070e600000|  0%| F|  |TAMS 0x000000070e400000, 0x000000070e400000| Untracked 
|  82|0x000000070e600000, 0x000000070e600000, 0x000000070e800000|  0%| F|  |TAMS 0x000000070e600000, 0x000000070e600000| Untracked 
|  83|0x000000070e800000, 0x000000070e800000, 0x000000070ea00000|  0%| F|  |TAMS 0x000000070e800000, 0x000000070e800000| Untracked 
|  84|0x000000070ea00000, 0x000000070ea00000, 0x000000070ec00000|  0%| F|  |TAMS 0x000000070ea00000, 0x000000070ea00000| Untracked 
|  85|0x000000070ec00000, 0x000000070ec00000, 0x000000070ee00000|  0%| F|  |TAMS 0x000000070ec00000, 0x000000070ec00000| Untracked 
|  86|0x000000070ee00000, 0x000000070ee00000, 0x000000070f000000|  0%| F|  |TAMS 0x000000070ee00000, 0x000000070ee00000| Untracked 
|  87|0x000000070f000000, 0x000000070f000000, 0x000000070f200000|  0%| F|  |TAMS 0x000000070f000000, 0x000000070f000000| Untracked 
|  88|0x000000070f200000, 0x000000070f200000, 0x000000070f400000|  0%| F|  |TAMS 0x000000070f200000, 0x000000070f200000| Untracked 
|  89|0x000000070f400000, 0x000000070f400000, 0x000000070f600000|  0%| F|  |TAMS 0x000000070f400000, 0x000000070f400000| Untracked 
|  90|0x000000070f600000, 0x000000070f600000, 0x000000070f800000|  0%| F|  |TAMS 0x000000070f600000, 0x000000070f600000| Untracked 
|  91|0x000000070f800000, 0x000000070f800000, 0x000000070fa00000|  0%| F|  |TAMS 0x000000070f800000, 0x000000070f800000| Untracked 
|  92|0x000000070fa00000, 0x000000070fa00000, 0x000000070fc00000|  0%| F|  |TAMS 0x000000070fa00000, 0x000000070fa00000| Untracked 
|  93|0x000000070fc00000, 0x000000070fc00000, 0x000000070fe00000|  0%| F|  |TAMS 0x000000070fc00000, 0x000000070fc00000| Untracked 
|  94|0x000000070fe00000, 0x000000070fe00000, 0x0000000710000000|  0%| F|  |TAMS 0x000000070fe00000, 0x000000070fe00000| Untracked 
|  95|0x0000000710000000, 0x0000000710000000, 0x0000000710200000|  0%| F|  |TAMS 0x0000000710000000, 0x0000000710000000| Untracked 
|  96|0x0000000710200000, 0x0000000710200000, 0x0000000710400000|  0%| F|  |TAMS 0x0000000710200000, 0x0000000710200000| Untracked 
|  97|0x0000000710400000, 0x0000000710400000, 0x0000000710600000|  0%| F|  |TAMS 0x0000000710400000, 0x0000000710400000| Untracked 
|  98|0x0000000710600000, 0x0000000710600000, 0x0000000710800000|  0%| F|  |TAMS 0x0000000710600000, 0x0000000710600000| Untracked 
|  99|0x0000000710800000, 0x0000000710800000, 0x0000000710a00000|  0%| F|  |TAMS 0x0000000710800000, 0x0000000710800000| Untracked 
| 100|0x0000000710a00000, 0x0000000710a00000, 0x0000000710c00000|  0%| F|  |TAMS 0x0000000710a00000, 0x0000000710a00000| Untracked 
| 101|0x0000000710c00000, 0x0000000710c00000, 0x0000000710e00000|  0%| F|  |TAMS 0x0000000710c00000, 0x0000000710c00000| Untracked 
| 102|0x0000000710e00000, 0x0000000710e00000, 0x0000000711000000|  0%| F|  |TAMS 0x0000000710e00000, 0x0000000710e00000| Untracked 
| 103|0x0000000711000000, 0x0000000711000000, 0x0000000711200000|  0%| F|  |TAMS 0x0000000711000000, 0x0000000711000000| Untracked 
| 104|0x0000000711200000, 0x0000000711200000, 0x0000000711400000|  0%| F|  |TAMS 0x0000000711200000, 0x0000000711200000| Untracked 
| 105|0x0000000711400000, 0x0000000711400000, 0x0000000711600000|  0%| F|  |TAMS 0x0000000711400000, 0x0000000711400000| Untracked 
| 106|0x0000000711600000, 0x0000000711600000, 0x0000000711800000|  0%| F|  |TAMS 0x0000000711600000, 0x0000000711600000| Untracked 
| 107|0x0000000711800000, 0x0000000711800000, 0x0000000711a00000|  0%| F|  |TAMS 0x0000000711800000, 0x0000000711800000| Untracked 
| 108|0x0000000711a00000, 0x0000000711a00000, 0x0000000711c00000|  0%| F|  |TAMS 0x0000000711a00000, 0x0000000711a00000| Untracked 
| 109|0x0000000711c00000, 0x0000000711c00000, 0x0000000711e00000|  0%| F|  |TAMS 0x0000000711c00000, 0x0000000711c00000| Untracked 
| 110|0x0000000711e00000, 0x0000000711e00000, 0x0000000712000000|  0%| F|  |TAMS 0x0000000711e00000, 0x0000000711e00000| Untracked 
| 111|0x0000000712000000, 0x0000000712000000, 0x0000000712200000|  0%| F|  |TAMS 0x0000000712000000, 0x0000000712000000| Untracked 
| 112|0x0000000712200000, 0x0000000712200000, 0x0000000712400000|  0%| F|  |TAMS 0x0000000712200000, 0x0000000712200000| Untracked 
| 113|0x0000000712400000, 0x0000000712600000, 0x0000000712600000|100%| S|CS|TAMS 0x0000000712400000, 0x0000000712400000| Complete 
| 114|0x0000000712600000, 0x0000000712800000, 0x0000000712800000|100%| S|CS|TAMS 0x0000000712600000, 0x0000000712600000| Complete 
| 115|0x0000000712800000, 0x0000000712800000, 0x0000000712a00000|  0%| F|  |TAMS 0x0000000712800000, 0x0000000712800000| Untracked 
| 116|0x0000000712a00000, 0x0000000712a00000, 0x0000000712c00000|  0%| F|  |TAMS 0x0000000712a00000, 0x0000000712a00000| Untracked 
| 117|0x0000000712c00000, 0x0000000712c00000, 0x0000000712e00000|  0%| F|  |TAMS 0x0000000712c00000, 0x0000000712c00000| Untracked 
| 118|0x0000000712e00000, 0x0000000712e00000, 0x0000000713000000|  0%| F|  |TAMS 0x0000000712e00000, 0x0000000712e00000| Untracked 
| 119|0x0000000713000000, 0x0000000713000000, 0x0000000713200000|  0%| F|  |TAMS 0x0000000713000000, 0x0000000713000000| Untracked 
| 120|0x0000000713200000, 0x0000000713200000, 0x0000000713400000|  0%| F|  |TAMS 0x0000000713200000, 0x0000000713200000| Untracked 
| 121|0x0000000713400000, 0x000000071348ab00, 0x0000000713600000| 27%| E|  |TAMS 0x0000000713400000, 0x0000000713400000| Complete 
| 122|0x0000000713600000, 0x0000000713800000, 0x0000000713800000|100%| E|CS|TAMS 0x0000000713600000, 0x0000000713600000| Complete 
| 123|0x0000000713800000, 0x0000000713a00000, 0x0000000713a00000|100%| E|CS|TAMS 0x0000000713800000, 0x0000000713800000| Complete 
| 124|0x0000000713a00000, 0x0000000713c00000, 0x0000000713c00000|100%| E|CS|TAMS 0x0000000713a00000, 0x0000000713a00000| Complete 
| 125|0x0000000713c00000, 0x0000000713e00000, 0x0000000713e00000|100%| E|CS|TAMS 0x0000000713c00000, 0x0000000713c00000| Complete 

Card table byte_map: [0x000002247a020000,0x000002247a800000] _byte_map_base: 0x00000224767ff000

Marking Bits (Prev, Next): (CMBitMap*) 0x0000022471a62430, (CMBitMap*) 0x0000022471a62470
 Prev Bits: [0x000002247afe0000, 0x000002247eed8000)
 Next Bits: [0x000002240f000000, 0x0000022412ef8000)

Polling page: 0x000002246f950000

Metaspace:

Usage:
  Non-class:      8.27 MB used.
      Class:      1.03 MB used.
       Both:      9.30 MB used.

Virtual space:
  Non-class space:       64.00 MB reserved,       8.38 MB ( 13%) committed,  1 nodes.
      Class space:        1.00 GB reserved,       1.12 MB ( <1%) committed,  1 nodes.
             Both:        1.06 GB reserved,       9.50 MB ( <1%) committed. 

Chunk freelists:
   Non-Class:  7.28 MB
       Class:  14.94 MB
        Both:  22.21 MB

MaxMetaspaceSize: unlimited
CompressedClassSpaceSize: 1.00 GB
Initial GC threshold: 21.00 MB
Current GC threshold: 21.00 MB
CDS: on
MetaspaceReclaimPolicy: balanced
 - commit_granule_bytes: 65536.
 - commit_granule_words: 8192.
 - virtual_space_node_default_size: 8388608.
 - enlarge_chunks_in_place: 1.
 - new_chunks_are_fully_committed: 0.
 - uncommit_free_chunks: 1.
 - use_allocation_guard: 0.
 - handle_deallocations: 1.


Internal statistics:

num_allocs_failed_limit: 0.
num_arena_births: 134.
num_arena_deaths: 0.
num_vsnodes_births: 2.
num_vsnodes_deaths: 0.
num_space_committed: 152.
num_space_uncommitted: 0.
num_chunks_returned_to_freelist: 0.
num_chunks_taken_from_freelist: 382.
num_chunk_merges: 0.
num_chunk_splits: 266.
num_chunks_enlarged: 201.
num_inconsistent_stats: 0.

CodeHeap 'non-profiled nmethods': size=120000Kb used=478Kb max_used=478Kb free=119521Kb
 bounds [0x0000022407ad0000, 0x0000022407d40000, 0x000002240f000000]
CodeHeap 'profiled nmethods': size=120000Kb used=2322Kb max_used=2322Kb free=117677Kb
 bounds [0x0000022400000000, 0x0000022400270000, 0x0000022407530000]
CodeHeap 'non-nmethods': size=5760Kb used=1185Kb max_used=1213Kb free=4574Kb
 bounds [0x0000022407530000, 0x00000224077a0000, 0x0000022407ad0000]
 total_blobs=1777 nmethods=1311 adapters=378
 compilation: enabled
              stopped_count=0, restarted_count=0
 full_count=0

Compilation events (20 events):
Event: 0.581 Thread 0x000002247f0b7640 1263       3       java.util.Arrays$ArrayList::<init> (16 bytes)
Event: 0.581 Thread 0x000002247f0b7640 nmethod 1263 0x000002240022f690 code [0x000002240022f860, 0x000002240022fc48]
Event: 0.582 Thread 0x00000224567ab530 nmethod 1229 0x0000022407b40b90 code [0x0000022407b40d80, 0x0000022407b41680]
Event: 0.582 Thread 0x00000224567ab530 1250       4       com.sun.xml.bind.v2.model.impl.TypeInfoImpl::nav (8 bytes)
Event: 0.582 Thread 0x00000224567ab530 nmethod 1250 0x0000022407b41d10 code [0x0000022407b41e80, 0x0000022407b41f18]
Event: 0.582 Thread 0x00000224567ab530 1247       4       jdk.internal.reflect.ByteVectorImpl::add (38 bytes)
Event: 0.583 Thread 0x00000224567ab530 nmethod 1247 0x0000022407b42010 code [0x0000022407b421a0, 0x0000022407b422a8]
Event: 0.583 Thread 0x00000224567ab530 1248       4       jdk.internal.reflect.ClassFileAssembler::emitByte (11 bytes)
Event: 0.585 Thread 0x00000224567ab530 nmethod 1248 0x0000022407b42390 code [0x0000022407b42520, 0x0000022407b42688]
Event: 0.586 Thread 0x000002247f0b6c80 nmethod 1198 0x0000022407b42810 code [0x0000022407b429e0, 0x0000022407b43c58]
Event: 0.590 Thread 0x000002247f0b7640 1264       3       java.util.HashMap::containsKey (14 bytes)
Event: 0.591 Thread 0x000002247f0b7640 nmethod 1264 0x000002240022fe10 code [0x000002240022ffc0, 0x0000022400230168]
Event: 0.591 Thread 0x000002247f0b7640 1265       3       java.lang.ModuleLayer::boot (4 bytes)
Event: 0.591 Thread 0x000002247f0b7640 nmethod 1265 0x0000022400230210 code [0x00000224002303a0, 0x0000022400230498]
Event: 0.593 Thread 0x000002247f0b7640 1266       3       com.sun.xml.bind.v2.model.nav.ReflectionNavigator::erasure (12 bytes)
Event: 0.593 Thread 0x000002247f0b7640 nmethod 1266 0x0000022400230510 code [0x00000224002306c0, 0x0000022400230908]
Event: 0.593 Thread 0x000002247f0b7640 1267       3       com.sun.xml.bind.v2.model.nav.ReflectionNavigator$6::onClass (10 bytes)
Event: 0.593 Thread 0x000002247f0b7640 nmethod 1267 0x0000022400230a10 code [0x0000022400230bc0, 0x0000022400230e18]
Event: 0.593 Thread 0x000002247f0b7640 1268       3       com.sun.xml.bind.v2.model.nav.ReflectionNavigator$6::onClass (2 bytes)
Event: 0.594 Thread 0x000002247f0b7640 nmethod 1268 0x0000022400230f10 code [0x00000224002310a0, 0x00000224002311b8]

GC Heap History (2 events):
Event: 0.464 GC heap before
{Heap before GC invocations=0 (full 0):
 garbage-first heap   total 258048K, used 22528K [0x0000000704200000, 0x0000000800000000)
  region size 2048K, 11 young (22528K), 0 survivors (0K)
 Metaspace       used 6108K, committed 6336K, reserved 1114112K
  class space    used 597K, committed 704K, reserved 1048576K
}
Event: 0.467 GC heap after
{Heap after GC invocations=1 (full 0):
 garbage-first heap   total 258048K, used 4096K [0x0000000704200000, 0x0000000800000000)
  region size 2048K, 2 young (4096K), 2 survivors (4096K)
 Metaspace       used 6108K, committed 6336K, reserved 1114112K
  class space    used 597K, committed 704K, reserved 1048576K
}

Dll operation events (6 events):
Event: 0.007 Loaded shared library C:\Program Files\Unity\Hub\Editor\6000.0.59f2\Editor\Data\PlaybackEngines\AndroidPlayer\OpenJDK\bin\java.dll
Event: 0.021 Loaded shared library C:\Program Files\Unity\Hub\Editor\6000.0.59f2\Editor\Data\PlaybackEngines\AndroidPlayer\OpenJDK\bin\jsvml.dll
Event: 0.041 Loaded shared library C:\Program Files\Unity\Hub\Editor\6000.0.59f2\Editor\Data\PlaybackEngines\AndroidPlayer\OpenJDK\bin\net.dll
Event: 0.042 Loaded shared library C:\Program Files\Unity\Hub\Editor\6000.0.59f2\Editor\Data\PlaybackEngines\AndroidPlayer\OpenJDK\bin\nio.dll
Event: 0.046 Loaded shared library C:\Program Files\Unity\Hub\Editor\6000.0.59f2\Editor\Data\PlaybackEngines\AndroidPlayer\OpenJDK\bin\zip.dll
Event: 0.212 Loaded shared library C:\Program Files\Unity\Hub\Editor\6000.0.59f2\Editor\Data\PlaybackEngines\AndroidPlayer\OpenJDK\bin\jimage.dll

Deoptimization events (20 events):
Event: 0.476 Thread 0x00000224719f5d50 DEOPT PACKING pc=0x0000022407ad8364 sp=0x0000007e796fe1c0
Event: 0.476 Thread 0x00000224719f5d50 DEOPT UNPACKING pc=0x000002240758a1a3 sp=0x0000007e796fe148 mode 2
Event: 0.507 Thread 0x00000224719f5d50 DEOPT PACKING pc=0x000002240008ca8b sp=0x0000007e796fbd50
Event: 0.507 Thread 0x00000224719f5d50 DEOPT UNPACKING pc=0x000002240758ace3 sp=0x0000007e796fb1b0 mode 0
Event: 0.533 Thread 0x00000224719f5d50 Uncommon trap: trap_request=0xffffffc6 fr.pc=0x0000022407b2c3d0 relative=0x0000000000000570
Event: 0.533 Thread 0x00000224719f5d50 Uncommon trap: reason=bimorphic_or_optimized_type_check action=maybe_recompile pc=0x0000022407b2c3d0 method=java.util.concurrent.ConcurrentHashMap.get(Ljava/lang/Object;)Ljava/lang/Object; @ 149 c2
Event: 0.533 Thread 0x00000224719f5d50 DEOPT PACKING pc=0x0000022407b2c3d0 sp=0x0000007e796fcab0
Event: 0.533 Thread 0x00000224719f5d50 DEOPT UNPACKING pc=0x000002240758a1a3 sp=0x0000007e796fca50 mode 2
Event: 0.543 Thread 0x00000224719f5d50 Uncommon trap: trap_request=0xffffffc6 fr.pc=0x0000022407b2c3d0 relative=0x0000000000000570
Event: 0.543 Thread 0x00000224719f5d50 Uncommon trap: reason=bimorphic_or_optimized_type_check action=maybe_recompile pc=0x0000022407b2c3d0 method=java.util.concurrent.ConcurrentHashMap.get(Ljava/lang/Object;)Ljava/lang/Object; @ 149 c2
Event: 0.543 Thread 0x00000224719f5d50 DEOPT PACKING pc=0x0000022407b2c3d0 sp=0x0000007e796fcce0
Event: 0.543 Thread 0x00000224719f5d50 DEOPT UNPACKING pc=0x000002240758a1a3 sp=0x0000007e796fcc80 mode 2
Event: 0.548 Thread 0x00000224719f5d50 Uncommon trap: trap_request=0xffffffc6 fr.pc=0x0000022407b2c3d0 relative=0x0000000000000570
Event: 0.548 Thread 0x00000224719f5d50 Uncommon trap: reason=bimorphic_or_optimized_type_check action=maybe_recompile pc=0x0000022407b2c3d0 method=java.util.concurrent.ConcurrentHashMap.get(Ljava/lang/Object;)Ljava/lang/Object; @ 149 c2
Event: 0.548 Thread 0x00000224719f5d50 DEOPT PACKING pc=0x0000022407b2c3d0 sp=0x0000007e796fc310
Event: 0.548 Thread 0x00000224719f5d50 DEOPT UNPACKING pc=0x000002240758a1a3 sp=0x0000007e796fc2b0 mode 2
Event: 0.549 Thread 0x00000224719f5d50 Uncommon trap: trap_request=0xffffffc6 fr.pc=0x0000022407b2c3d0 relative=0x0000000000000570
Event: 0.549 Thread 0x00000224719f5d50 Uncommon trap: reason=bimorphic_or_optimized_type_check action=maybe_recompile pc=0x0000022407b2c3d0 method=java.util.concurrent.ConcurrentHashMap.get(Ljava/lang/Object;)Ljava/lang/Object; @ 149 c2
Event: 0.549 Thread 0x00000224719f5d50 DEOPT PACKING pc=0x0000022407b2c3d0 sp=0x0000007e796fc700
Event: 0.549 Thread 0x00000224719f5d50 DEOPT UNPACKING pc=0x000002240758a1a3 sp=0x0000007e796fc6a0 mode 2

Classes unloaded (0 events):
No events

Classes redefined (0 events):
No events

Internal exceptions (20 events):
Event: 0.403 Thread 0x00000224719f5d50 Exception <a 'sun/nio/fs/WindowsException'{0x0000000712bf17d8}> (0x0000000712bf17d8) 
thrown [s\src\hotspot\share\prims\jni.cpp, line 516]
Event: 0.404 Thread 0x00000224719f5d50 Exception <a 'sun/nio/fs/WindowsException'{0x0000000712bf7110}> (0x0000000712bf7110) 
thrown [s\src\hotspot\share\prims\jni.cpp, line 516]
Event: 0.406 Thread 0x00000224719f5d50 Exception <a 'sun/nio/fs/WindowsException'{0x0000000712800148}> (0x0000000712800148) 
thrown [s\src\hotspot\share\prims\jni.cpp, line 516]
Event: 0.407 Thread 0x00000224719f5d50 Exception <a 'sun/nio/fs/WindowsException'{0x0000000712800568}> (0x0000000712800568) 
thrown [s\src\hotspot\share\prims\jni.cpp, line 516]
Event: 0.410 Thread 0x00000224719f5d50 Exception <a 'sun/nio/fs/WindowsException'{0x000000071283fb80}> (0x000000071283fb80) 
thrown [s\src\hotspot\share\prims\jni.cpp, line 516]
Event: 0.412 Thread 0x00000224719f5d50 Exception <a 'sun/nio/fs/WindowsException'{0x00000007128495f0}> (0x00000007128495f0) 
thrown [s\src\hotspot\share\prims\jni.cpp, line 516]
Event: 0.412 Thread 0x00000224719f5d50 Exception <a 'sun/nio/fs/WindowsException'{0x0000000712849a10}> (0x0000000712849a10) 
thrown [s\src\hotspot\share\prims\jni.cpp, line 516]
Event: 0.414 Thread 0x00000224719f5d50 Exception <a 'sun/nio/fs/WindowsException'{0x000000071287db08}> (0x000000071287db08) 
thrown [s\src\hotspot\share\prims\jni.cpp, line 516]
Event: 0.416 Thread 0x00000224719f5d50 Exception <a 'sun/nio/fs/WindowsException'{0x0000000712887578}> (0x0000000712887578) 
thrown [s\src\hotspot\share\prims\jni.cpp, line 516]
Event: 0.417 Thread 0x00000224719f5d50 Exception <a 'sun/nio/fs/WindowsException'{0x0000000712887998}> (0x0000000712887998) 
thrown [s\src\hotspot\share\prims\jni.cpp, line 516]
Event: 0.419 Thread 0x00000224719f5d50 Exception <a 'sun/nio/fs/WindowsException'{0x00000007128bc920}> (0x00000007128bc920) 
thrown [s\src\hotspot\share\prims\jni.cpp, line 516]
Event: 0.421 Thread 0x00000224719f5d50 Exception <a 'sun/nio/fs/WindowsException'{0x00000007128c6340}> (0x00000007128c6340) 
thrown [s\src\hotspot\share\prims\jni.cpp, line 516]
Event: 0.421 Thread 0x00000224719f5d50 Exception <a 'sun/nio/fs/WindowsException'{0x00000007128c6700}> (0x00000007128c6700) 
thrown [s\src\hotspot\share\prims\jni.cpp, line 516]
Event: 0.421 Thread 0x00000224719f5d50 Exception <a 'sun/nio/fs/WindowsException'{0x00000007128cb318}> (0x00000007128cb318) 
thrown [s\src\hotspot\share\prims\jni.cpp, line 516]
Event: 0.422 Thread 0x00000224719f5d50 Exception <a 'sun/nio/fs/WindowsException'{0x00000007128d2af8}> (0x00000007128d2af8) 
thrown [s\src\hotspot\share\prims\jni.cpp, line 516]
Event: 0.422 Thread 0x00000224719f5d50 Exception <a 'sun/nio/fs/WindowsException'{0x00000007128d2ea8}> (0x00000007128d2ea8) 
thrown [s\src\hotspot\share\prims\jni.cpp, line 516]
Event: 0.422 Thread 0x00000224719f5d50 Exception <a 'sun/nio/fs/WindowsException'{0x00000007128d3610}> (0x00000007128d3610) 
thrown [s\src\hotspot\share\prims\jni.cpp, line 516]
Event: 0.422 Thread 0x00000224719f5d50 Exception <a 'sun/nio/fs/WindowsException'{0x00000007128d3b80}> (0x00000007128d3b80) 
thrown [s\src\hotspot\share\prims\jni.cpp, line 516]
Event: 0.462 Thread 0x00000224719f5d50 Exception <a 'java/lang/NoSuchMethodError'{0x00000007129c8530}: 'java.lang.Object java.lang.invoke.DirectMethodHandle$Holder.newInvokeSpecial(java.lang.Object, double)'> (0x00000007129c8530) 
thrown [s\src\hotspot\share\interpreter\linkResolver.cpp, line 759]
Event: 0.499 Thread 0x00000224719f5d50 Exception <a 'java/lang/NullPointerException'{0x0000000713a2e718}> (0x0000000713a2e718) 
thrown [s\src\hotspot\share\interpreter\linkResolver.cpp, line 1433]

VM Operations (16 events):
Event: 0.043 Executing VM operation: HandshakeAllThreads
Event: 0.043 Executing VM operation: HandshakeAllThreads done
Event: 0.457 Executing VM operation: HandshakeAllThreads
Event: 0.458 Executing VM operation: HandshakeAllThreads done
Event: 0.459 Executing VM operation: HandshakeAllThreads
Event: 0.459 Executing VM operation: HandshakeAllThreads done
Event: 0.460 Executing VM operation: HandshakeAllThreads
Event: 0.460 Executing VM operation: HandshakeAllThreads done
Event: 0.464 Executing VM operation: G1CollectForAllocation
Event: 0.467 Executing VM operation: G1CollectForAllocation done
Event: 0.476 Executing VM operation: HandshakeAllThreads
Event: 0.476 Executing VM operation: HandshakeAllThreads done
Event: 0.479 Executing VM operation: HandshakeAllThreads
Event: 0.479 Executing VM operation: HandshakeAllThreads done
Event: 0.510 Executing VM operation: HandshakeAllThreads
Event: 0.510 Executing VM operation: HandshakeAllThreads done

Events (20 events):
Event: 0.590 loading class java/util/Stack
Event: 0.590 loading class java/util/Vector
Event: 0.590 loading class java/util/Vector done
Event: 0.590 loading class java/util/Stack done
Event: 0.590 loading class java/lang/ExceptionInInitializerError
Event: 0.590 loading class java/lang/ExceptionInInitializerError done
Event: 0.591 loading class org/w3c/dom/Node
Event: 0.591 loading class org/w3c/dom/Node done
Event: 0.597 loading class org/xml/sax/ContentHandler
Event: 0.597 loading class org/xml/sax/ContentHandler done
Event: 0.598 loading class javax/xml/stream/XMLStreamException
Event: 0.598 loading class javax/xml/stream/XMLStreamException done
Event: 0.598 loading class org/xml/sax/helpers/DefaultHandler
Event: 0.598 loading class org/xml/sax/EntityResolver
Event: 0.598 loading class org/xml/sax/EntityResolver done
Event: 0.598 loading class org/xml/sax/DTDHandler
Event: 0.598 loading class org/xml/sax/DTDHandler done
Event: 0.598 loading class org/xml/sax/helpers/DefaultHandler done
Event: 0.598 loading class java/util/concurrent/Callable
Event: 0.598 loading class java/util/concurrent/Callable done


Dynamic libraries:
0x00007ff62e030000 - 0x00007ff62e03e000 	C:\Program Files\Unity\Hub\Editor\6000.0.59f2\Editor\Data\PlaybackEngines\AndroidPlayer\OpenJDK\bin\java.exe
0x00007ff93c3f0000 - 0x00007ff93c608000 	C:\Windows\SYSTEM32\ntdll.dll
0x00007ff8eccf0000 - 0x00007ff8ecd10000 	C:\Program Files\Avast Software\Avast\aswhook.dll
0x00007ff93ba30000 - 0x00007ff93baf4000 	C:\Windows\System32\KERNEL32.DLL
0x00007ff939500000 - 0x00007ff9398d3000 	C:\Windows\System32\KERNELBASE.dll
0x00007ff939ef0000 - 0x00007ff93a001000 	C:\Windows\System32\ucrtbase.dll
0x00007ff8ee490000 - 0x00007ff8ee4a7000 	C:\Program Files\Unity\Hub\Editor\6000.0.59f2\Editor\Data\PlaybackEngines\AndroidPlayer\OpenJDK\bin\jli.dll
0x00007ff8c3af0000 - 0x00007ff8c3b0b000 	C:\Program Files\Unity\Hub\Editor\6000.0.59f2\Editor\Data\PlaybackEngines\AndroidPlayer\OpenJDK\bin\VCRUNTIME140.dll
0x00007ff93a090000 - 0x00007ff93a242000 	C:\Windows\System32\USER32.dll
0x00007ff939a20000 - 0x00007ff939a46000 	C:\Windows\System32\win32u.dll
0x00007ff921ee0000 - 0x00007ff92217c000 	C:\Windows\WinSxS\amd64_microsoft.windows.common-controls_6595b64144ccf1df_6.0.22621.6060_none_2712eda17382d24b\COMCTL32.dll
0x00007ff93bc00000 - 0x00007ff93bc29000 	C:\Windows\System32\GDI32.dll
0x00007ff93c170000 - 0x00007ff93c217000 	C:\Windows\System32\msvcrt.dll
0x00007ff939c70000 - 0x00007ff939d8b000 	C:\Windows\System32\gdi32full.dll
0x00007ff939e50000 - 0x00007ff939eea000 	C:\Windows\System32\msvcp_win.dll
0x00007ff93bb00000 - 0x00007ff93bb31000 	C:\Windows\System32\IMM32.DLL
0x00007ff921080000 - 0x00007ff92108c000 	C:\Program Files\Unity\Hub\Editor\6000.0.59f2\Editor\Data\PlaybackEngines\AndroidPlayer\OpenJDK\bin\vcruntime140_1.dll
0x00007ff8c1880000 - 0x00007ff8c190d000 	C:\Program Files\Unity\Hub\Editor\6000.0.59f2\Editor\Data\PlaybackEngines\AndroidPlayer\OpenJDK\bin\msvcp140.dll
0x00007ff81e000000 - 0x00007ff81ec61000 	C:\Program Files\Unity\Hub\Editor\6000.0.59f2\Editor\Data\PlaybackEngines\AndroidPlayer\OpenJDK\bin\server\jvm.dll
0x00007ff93bb40000 - 0x00007ff93bbf1000 	C:\Windows\System32\ADVAPI32.dll
0x00007ff93bd50000 - 0x00007ff93bdf8000 	C:\Windows\System32\sechost.dll
0x00007ff939a50000 - 0x00007ff939a78000 	C:\Windows\System32\bcrypt.dll
0x00007ff93b180000 - 0x00007ff93b298000 	C:\Windows\System32\RPCRT4.dll
0x00007ff936110000 - 0x00007ff936144000 	C:\Windows\SYSTEM32\WINMM.dll
0x00007ff938350000 - 0x00007ff93839d000 	C:\Windows\SYSTEM32\POWRPROF.dll
0x00007ff91c600000 - 0x00007ff91c609000 	C:\Windows\SYSTEM32\WSOCK32.dll
0x00007ff931750000 - 0x00007ff93175a000 	C:\Windows\SYSTEM32\VERSION.dll
0x00007ff93c330000 - 0x00007ff93c3a1000 	C:\Windows\System32\WS2_32.dll
0x00007ff938330000 - 0x00007ff938343000 	C:\Windows\SYSTEM32\UMPDC.dll
0x00007ff9385d0000 - 0x00007ff9385e8000 	C:\Windows\SYSTEM32\kernel.appcore.dll
0x00007ff8ee480000 - 0x00007ff8ee48a000 	C:\Program Files\Unity\Hub\Editor\6000.0.59f2\Editor\Data\PlaybackEngines\AndroidPlayer\OpenJDK\bin\jimage.dll
0x00007ff936b60000 - 0x00007ff936d93000 	C:\Windows\SYSTEM32\DBGHELP.DLL
0x00007ff93add0000 - 0x00007ff93b161000 	C:\Windows\System32\combase.dll
0x00007ff93a250000 - 0x00007ff93a328000 	C:\Windows\System32\OLEAUT32.dll
0x00007ff936090000 - 0x00007ff9360c2000 	C:\Windows\SYSTEM32\dbgcore.DLL
0x00007ff93a010000 - 0x00007ff93a08b000 	C:\Windows\System32\bcryptPrimitives.dll
0x00007ff8c1850000 - 0x00007ff8c1875000 	C:\Program Files\Unity\Hub\Editor\6000.0.59f2\Editor\Data\PlaybackEngines\AndroidPlayer\OpenJDK\bin\java.dll
0x00007ff833250000 - 0x00007ff833327000 	C:\Program Files\Unity\Hub\Editor\6000.0.59f2\Editor\Data\PlaybackEngines\AndroidPlayer\OpenJDK\bin\jsvml.dll
0x00007ff93a380000 - 0x00007ff93ac1c000 	C:\Windows\System32\SHELL32.dll
0x00007ff9398e0000 - 0x00007ff939a1f000 	C:\Windows\System32\wintypes.dll
0x00007ff9373c0000 - 0x00007ff937cda000 	C:\Windows\SYSTEM32\windows.storage.dll
0x00007ff93bc40000 - 0x00007ff93bd44000 	C:\Windows\System32\SHCORE.dll
0x00007ff93c050000 - 0x00007ff93c0b9000 	C:\Windows\System32\shlwapi.dll
0x00007ff939430000 - 0x00007ff939455000 	C:\Windows\SYSTEM32\profapi.dll
0x00007ff8c1830000 - 0x00007ff8c1849000 	C:\Program Files\Unity\Hub\Editor\6000.0.59f2\Editor\Data\PlaybackEngines\AndroidPlayer\OpenJDK\bin\net.dll
0x00007ff934e20000 - 0x00007ff934f4c000 	C:\Windows\SYSTEM32\WINHTTP.dll
0x00007ff938ab0000 - 0x00007ff938b19000 	C:\Windows\system32\mswsock.dll
0x00007ff8c1810000 - 0x00007ff8c1826000 	C:\Program Files\Unity\Hub\Editor\6000.0.59f2\Editor\Data\PlaybackEngines\AndroidPlayer\OpenJDK\bin\nio.dll
0x00007ff8c17f0000 - 0x00007ff8c1808000 	C:\Program Files\Unity\Hub\Editor\6000.0.59f2\Editor\Data\PlaybackEngines\AndroidPlayer\OpenJDK\bin\zip.dll

dbghelp: loaded successfully - version: 4.0.5 - missing functions: none
symbol engine: initialized successfully - sym options: 0x614 - pdb path: .;C:\Program Files\Unity\Hub\Editor\6000.0.59f2\Editor\Data\PlaybackEngines\AndroidPlayer\OpenJDK\bin;C:\Windows\SYSTEM32;C:\Program Files\Avast Software\Avast;C:\Windows\WinSxS\amd64_microsoft.windows.common-controls_6595b64144ccf1df_6.0.22621.6060_none_2712eda17382d24b;C:\Program Files\Unity\Hub\Editor\6000.0.59f2\Editor\Data\PlaybackEngines\AndroidPlayer\OpenJDK\bin\server

VM Arguments:
jvm_args: -Dcom.android.sdklib.toolsdir=C:\Program Files\Unity\Hub\Editor\6000.0.59f2\Editor\Data\PlaybackEngines\AndroidPlayer\SDK\cmdline-tools\16.0\bin\\.. 
java_command: com.android.sdklib.tool.sdkmanager.SdkManagerCli --list
java_class_path (initial): C:\Program Files\Unity\Hub\Editor\6000.0.59f2\Editor\Data\PlaybackEngines\AndroidPlayer\SDK\cmdline-tools\16.0\bin\..\lib\sdkmanager-classpath.jar
Launcher Type: SUN_STANDARD

[Global flags]
     intx CICompilerCount                          = 4                                         {product} {ergonomic}
     uint ConcGCThreads                            = 2                                         {product} {ergonomic}
     uint G1ConcRefinementThreads                  = 8                                         {product} {ergonomic}
   size_t G1HeapRegionSize                         = 2097152                                   {product} {ergonomic}
    uintx GCDrainStackTargetSize                   = 64                                        {product} {ergonomic}
   size_t InitialHeapSize                          = 264241152                                 {product} {ergonomic}
   size_t MarkStackSize                            = 4194304                                   {product} {ergonomic}
   size_t MaxHeapSize                              = 4225761280                                {product} {ergonomic}
   size_t MaxNewSize                               = 2535456768                                {product} {ergonomic}
   size_t MinHeapDeltaBytes                        = 2097152                                   {product} {ergonomic}
   size_t MinHeapSize                              = 8388608                                   {product} {ergonomic}
    uintx NonNMethodCodeHeapSize                   = 5839372                                {pd product} {ergonomic}
    uintx NonProfiledCodeHeapSize                  = 122909434                              {pd product} {ergonomic}
    uintx ProfiledCodeHeapSize                     = 122909434                              {pd product} {ergonomic}
    uintx ReservedCodeCacheSize                    = 251658240                              {pd product} {ergonomic}
     bool SegmentedCodeCache                       = true                                      {product} {ergonomic}
   size_t SoftMaxHeapSize                          = 4225761280                             {manageable} {ergonomic}
     bool UseCompressedClassPointers               = true                           {product lp64_product} {ergonomic}
     bool UseCompressedOops                        = true                           {product lp64_product} {ergonomic}
     bool UseG1GC                                  = true                                      {product} {ergonomic}
     bool UseLargePagesIndividualAllocation        = false                                  {pd product} {ergonomic}

Logging:
Log output configuration:
 #0: stdout all=warning uptime,level,tags
 #1: stderr all=off uptime,level,tags

Environment Variables:
JAVA_HOME=C:\Program Files\Unity\Hub\Editor\6000.0.59f2\Editor\Data\PlaybackEngines\AndroidPlayer\OpenJDK
CLASSPATH=C:\Program Files\Unity\Hub\Editor\6000.0.59f2\Editor\Data\PlaybackEngines\AndroidPlayer\SDK\cmdline-tools\16.0\bin\..\lib\sdkmanager-classpath.jar
PATH=C:\Program Files\Eclipse Adoptium\jdk-17.0.15.6-hotspot\bin;C:\Python313\Scripts\;C:\Python313\;C:\Program Files\Common Files\Oracle\Java\javapath;C:\Windows\system32;C:\Windows;C:\Windows\System32\Wbem;C:\Windows\System32\WindowsPowerShell\v1.0\;C:\Windows\System32\OpenSSH\;C:\Program Files (x86)\NVIDIA Corporation\PhysX\Common;C:\Program Files\Microsoft SQL Server\150\Tools\Binn\;C:\Program Files\Microsoft SQL Server\Client SDK\ODBC\170\Tools\Binn\;C:\Program Files\Git\cmd;C:\ProgramData\chocolatey\bin;C:\Program Files\Eclipse Adoptium\jdk-17.0.15.6-hotspot\bin;%ANDROID_HOME%\platform-tools;%ANDROID_HOME%\tools;%ANDROID_HOME%\tools\bin;C:\Users\Dell\AppData\Roaming\nvm;C:\Program Files\nodejs;%ANDROID_HOME%\platform-tools;%ANDROID_HOME%\emulator;C:\Users\Dell\AppData\Local\Android\Sdk\platform-tools;C:\Program Files\dotnet\;C:\Program Files\Apache\Maven\apache-maven-3.9.9\bin;C:\Program Files\MongoDB\Server\8.0\bin;C:\Program Files\MongoDB\mongosh\2.5.6\bin;c:\Users\Dell\AppData\Local\Programs\cursor\resources\app\codeBin;C:\Users\Dell\AppData\Local\Android\Sdk\tools;C:\Users\Dell\AppData\Local\Microsoft\WindowsApps;C:\Users\Dell\AppData\Roaming\npm;C:\Users\Dell\AppData\Roaming\nvm;C:\Program Files\nodejs;C:\Users\Dell\.dotnet\tools;C:\Users\Dell\AppData\Local\Programs\Microsoft VS Code\bin;C:\Users\Dell\AppData\Local\Programs\cursor\resources\app\bin;C:\Users\Dell\AppData\Local\Programs\mongosh\
USERNAME=Dell
OS=Windows_NT
PROCESSOR_IDENTIFIER=Intel64 Family 6 Model 140 Stepping 1, GenuineIntel
TMP=C:\Users\Dell\AppData\Local\Temp
TEMP=C:\Users\Dell\AppData\Local\Temp



Periodic native trim disabled


---------------  S Y S T E M  ---------------

OS:
 Windows 11 , 64 bit Build 22621 (10.0.22621.5415)
OS uptime: 0 days 6:33 hours
Hyper-V role detected

CPU: total 8 (initial active 8) (4 cores per cpu, 2 threads per core) family 6 model 140 stepping 1 microcode 0xbc, cx8, cmov, fxsr, ht, mmx, 3dnowpref, sse, sse2, sse3, ssse3, sse4.1, sse4.2, popcnt, lzcnt, tsc, tscinvbit, avx, avx2, aes, erms, clmul, bmi1, bmi2, adx, avx512f, avx512dq, avx512cd, avx512bw, avx512vl, sha, fma, vzeroupper, avx512_vpopcntdq, avx512_vpclmulqdq, avx512_vaes, avx512_vnni, clflush, clflushopt, clwb, avx512_vbmi2, avx512_vbmi, hv
Processor Information for all 8 processors :
  Max Mhz: 2803, Current Mhz: 2803, Mhz Limit: 2803

Memory: 4k page, system-wide physical 16118M (747M free)
TotalPageFile size 26632M (AvailPageFile size 5M)
current process WorkingSet (physical memory assigned to process): 93M, peak: 93M
current process commit charge ("private bytes"): 370M, peak: 370M

vm_info: OpenJDK 64-Bit Server VM (17.0.9+9) for windows-amd64 JRE (17.0.9+9), built on Oct 26 2023 14:01:42 by "admin" with MS VC++ 16.10 / 16.11 (VS2019)

END.
